0 info it worked if it ends with ok
1 verbose cli [ '/usr/bin/nodejs', '/usr/bin/npm', 'install', 'bower', '-g' ]
2 info using npm@1.3.10
3 info using node@v0.10.25
4 verbose cache add [ 'bower', null ]
5 verbose cache add name=undefined spec="bower" args=["bower",null]
6 verbose parsed url { protocol: null,
6 verbose parsed url   slashes: null,
6 verbose parsed url   auth: null,
6 verbose parsed url   host: null,
6 verbose parsed url   port: null,
6 verbose parsed url   hostname: null,
6 verbose parsed url   hash: null,
6 verbose parsed url   search: null,
6 verbose parsed url   query: null,
6 verbose parsed url   pathname: 'bower',
6 verbose parsed url   path: 'bower',
6 verbose parsed url   href: 'bower' }
7 silly lockFile 206e3ce5-bower bower
8 verbose lock bower /home/piotr/.npm/206e3ce5-bower.lock
9 silly lockFile 206e3ce5-bower bower
10 silly lockFile 206e3ce5-bower bower
11 verbose addNamed [ 'bower', '' ]
12 verbose addNamed [ null, '*' ]
13 silly lockFile 1240aab1-bower bower@
14 verbose lock bower@ /home/piotr/.npm/1240aab1-bower.lock
15 silly addNameRange { name: 'bower', range: '*', hasData: false }
16 verbose url raw bower
17 verbose url resolving [ 'https://registry.npmjs.org/', './bower' ]
18 verbose url resolved https://registry.npmjs.org/bower
19 info trying registry request attempt 1 at 18:39:44
20 verbose etag "CL2H0R29O4NCQABMBTRWR8TLC"
21 http GET https://registry.npmjs.org/bower
22 http 304 https://registry.npmjs.org/bower
23 silly registry.get cb [ 304,
23 silly registry.get   { date: 'Sun, 31 May 2015 16:38:26 GMT',
23 silly registry.get     via: '1.1 varnish',
23 silly registry.get     'cache-control': 'max-age=60',
23 silly registry.get     etag: '"CL2H0R29O4NCQABMBTRWR8TLC"',
23 silly registry.get     age: '14',
23 silly registry.get     connection: 'keep-alive',
23 silly registry.get     'x-served-by': 'cache-fra1239-FRA',
23 silly registry.get     'x-cache': 'HIT',
23 silly registry.get     'x-cache-hits': '2',
23 silly registry.get     'x-timer': 'S1433090306.283818,VS0,VE0',
23 silly registry.get     vary: 'Accept' } ]
24 verbose etag bower from cache
25 silly addNameRange number 2 { name: 'bower', range: '*', hasData: true }
26 silly addNameRange versions [ 'bower',
26 silly addNameRange   [ '0.1.0',
26 silly addNameRange     '0.1.2',
26 silly addNameRange     '0.1.3',
26 silly addNameRange     '0.2.0',
26 silly addNameRange     '0.3.0',
26 silly addNameRange     '0.3.1',
26 silly addNameRange     '0.3.2',
26 silly addNameRange     '0.4.0',
26 silly addNameRange     '0.5.0',
26 silly addNameRange     '0.5.1',
26 silly addNameRange     '0.6.0',
26 silly addNameRange     '0.6.1',
26 silly addNameRange     '0.6.2',
26 silly addNameRange     '0.6.3',
26 silly addNameRange     '0.6.4',
26 silly addNameRange     '0.6.5',
26 silly addNameRange     '0.6.6',
26 silly addNameRange     '0.6.7',
26 silly addNameRange     '0.6.8',
26 silly addNameRange     '0.7.0',
26 silly addNameRange     '0.7.1',
26 silly addNameRange     '0.8.0',
26 silly addNameRange     '0.8.1',
26 silly addNameRange     '0.8.2',
26 silly addNameRange     '0.8.3',
26 silly addNameRange     '0.8.4',
26 silly addNameRange     '0.8.5',
26 silly addNameRange     '0.8.6',
26 silly addNameRange     '0.9.0',
26 silly addNameRange     '0.9.1',
26 silly addNameRange     '0.9.2',
26 silly addNameRange     '0.10.0',
26 silly addNameRange     '1.0.0',
26 silly addNameRange     '1.0.1',
26 silly addNameRange     '1.0.2',
26 silly addNameRange     '1.0.3',
26 silly addNameRange     '1.1.0',
26 silly addNameRange     '1.1.1',
26 silly addNameRange     '1.1.2',
26 silly addNameRange     '1.2.0',
26 silly addNameRange     '1.2.1',
26 silly addNameRange     '1.2.2',
26 silly addNameRange     '1.2.3',
26 silly addNameRange     '1.2.4',
26 silly addNameRange     '1.2.5',
26 silly addNameRange     '1.2.6',
26 silly addNameRange     '1.2.7',
26 silly addNameRange     '1.2.8',
26 silly addNameRange     '1.3.0',
26 silly addNameRange     '1.3.1',
26 silly addNameRange     '1.3.2',
26 silly addNameRange     '1.3.3',
26 silly addNameRange     '1.3.4',
26 silly addNameRange     '1.3.5',
26 silly addNameRange     '1.3.6',
26 silly addNameRange     '1.3.7',
26 silly addNameRange     '1.3.8',
26 silly addNameRange     '1.3.9',
26 silly addNameRange     '1.3.10',
26 silly addNameRange     '1.3.11',
26 silly addNameRange     '1.3.12',
26 silly addNameRange     '1.4.0',
26 silly addNameRange     '1.4.1' ] ]
27 verbose addNamed [ 'bower', '1.4.1' ]
28 verbose addNamed [ '1.4.1', '1.4.1' ]
29 silly lockFile 185f46c0-bower-1-4-1 bower@1.4.1
30 verbose lock bower@1.4.1 /home/piotr/.npm/185f46c0-bower-1-4-1.lock
31 silly lockFile 04dcb06b--npmjs-org-bower-bower-1-4-1-tgz https://registry.npmjs.org/bower/-/bower-1.4.1.tgz
32 verbose lock https://registry.npmjs.org/bower/-/bower-1.4.1.tgz /home/piotr/.npm/04dcb06b--npmjs-org-bower-bower-1-4-1-tgz.lock
33 verbose addRemoteTarball [ 'https://registry.npmjs.org/bower/-/bower-1.4.1.tgz',
33 verbose addRemoteTarball   'a18be39d030792754f30f1c5b32d37b0156ba8dd' ]
34 silly lockFile 04dcb06b--npmjs-org-bower-bower-1-4-1-tgz https://registry.npmjs.org/bower/-/bower-1.4.1.tgz
35 silly lockFile 04dcb06b--npmjs-org-bower-bower-1-4-1-tgz https://registry.npmjs.org/bower/-/bower-1.4.1.tgz
36 silly lockFile 185f46c0-bower-1-4-1 bower@1.4.1
37 silly lockFile 185f46c0-bower-1-4-1 bower@1.4.1
38 silly lockFile 1240aab1-bower bower@
39 silly lockFile 1240aab1-bower bower@
40 error Error: EACCES, mkdir '/home/piotr/tmp/npm-10618-jON1zLsg'
40 error  { [Error: EACCES, mkdir '/home/piotr/tmp/npm-10618-jON1zLsg']
40 error   errno: 3,
40 error   code: 'EACCES',
40 error   path: '/home/piotr/tmp/npm-10618-jON1zLsg' }
41 error Please try running this command again as root/Administrator.
42 error System Linux 3.13.0-32-generic
43 error command "/usr/bin/nodejs" "/usr/bin/npm" "install" "bower" "-g"
44 error cwd /home/piotr/workspace/angular_rails_hr
45 error node -v v0.10.25
46 error npm -v 1.3.10
47 error path /home/piotr/tmp/npm-10618-jON1zLsg
48 error code EACCES
49 error errno 3
50 error stack Error: EACCES, mkdir '/home/piotr/tmp/npm-10618-jON1zLsg'
51 verbose exit [ 3, true ]
